2015-09-09 03:35:26,890::INFO::<module> - Import from gbe_logging, VmSize: 59707392
2015-09-09 03:35:26,890::INFO::<module> - Import of Q from django.db.models, VmSize: 59707392
2015-09-09 03:35:26,890::INFO::<module> - Import of reverse from django.core.urlresolvers, VmSize: 59707392
2015-09-09 03:35:26,890::INFO::<module> - Import of PermissionDenied from django.core.exceptions, VmSize: 59707392
2015-09-09 03:35:26,891::INFO::<module> - Import of render and object 404 from django.shortcuts, VmSize: 59707392
2015-09-09 03:35:26,891::INFO::<module> - Import of http response and 404 from django.http, VmSize: 59707392
2015-09-09 03:35:26,891::INFO::<module> - Import of login_required from django.contrib.auth.decorators, VmSize: 59707392
2015-09-09 03:35:26,891::INFO::<module> - Import of login, logout, and authenticate from django.contrib.auth, VmSize: 59707392
2015-09-09 03:35:26,891::INFO::<module> - Import of UserCreationForm from django.contrib.auth.forms, VmSize: 59707392
2015-09-09 03:35:26,891::INFO::<module> - Import of loader and Context from django.template, VmSize: 59707392
2015-09-09 03:35:26,891::INFO::<module> - Import of Event, Act, Performer from gbe.models, VmSize: 59707392
2015-09-09 03:35:26,891::INFO::<module> - Import of * from gbe.forms, VmSize: 59707392
2015-09-09 03:35:26,892::INFO::<module> - Import of * from gbe.functions, VmSize: 59707392
2015-09-09 03:35:26,898::INFO::<module> - Import of * from gbe.ticketing_idd_interface, VmSize: 59707392
2015-09-09 03:35:26,898::INFO::<module> - Import all from gbe_forms_text, VmSize: 59707392
2015-09-09 03:35:26,898::INFO::<module> - Import of compute_submission from ticketingfuncs, VmSize: 59707392
2015-09-09 03:35:26,898::INFO::<module> - Import of Duration from duration, VmSize: 59707392
2015-09-09 03:35:26,898::INFO::<module> - Import of set_time_format from scheduler.functions, VmSize: 59707392
2015-09-09 03:35:26,898::INFO::<module> - Import of Event, Resources, Workeer from scheduler.models, VmSize: 59707392
2015-09-09 03:35:44,302::INFO::__call__ - update_profile
2015-09-09 03:35:50,938::INFO::__call__ - update_profile
2015-09-09 03:35:50,969::INFO::__call__ - landing_page
2015-09-09 03:36:29,615::INFO::__call__ - view_act
2015-09-09 03:36:39,669::INFO::__call__ - review_act_list
